===== Bienvenido a Madrid-Clima =====
Datos climatológicos guardados correctamente en clima-madrid-hoy.csv
Verificando archivo clima-madrid-hoy.csv a las Mon Aug 12 19:57:03 -05 2024
-rw-rw-r-- 1 alex alex 175 Aug 12 19:28 /home/alex/Arquitectura/CityWeather/clima-madrid-hoy.csv
===== Bienvenido a Madrid-Clima =====
Datos climatológicos guardados correctamente en clima-madrid-hoy.csv
Verificando archivo clima-madrid-hoy.csv a las Mon Aug 12 19:58:02 -05 2024
-rw-rw-r-- 1 alex alex 175 Aug 12 19:28 /home/alex/Arquitectura/CityWeather/clima-madrid-hoy.csv
===== Bienvenido a Madrid-Clima =====
Datos climatológicos guardados correctamente en clima-madrid-hoy.csv
Verificando archivo clima-madrid-hoy.csv a las Mon Aug 12 19:59:02 -05 2024
-rw-rw-r-- 1 alex alex 175 Aug 12 19:28 /home/alex/Arquitectura/CityWeather/clima-madrid-hoy.csv
  File "/home/alex/Arquitectura/CityWeather/main.py", line 9
    API5aaff267349d2a7221192614fe66c853_api_key"  # Reemplaza por tu API Key de OpenWeatherMap
                                               ^
SyntaxError: unterminated string literal (detected at line 9)
Verificando archivo clima-madrid-hoy.csv a las Mon Aug 12 20:00:02 -05 2024
-rw-rw-r-- 1 alex alex 175 Aug 12 19:28 /home/alex/Arquitectura/CityWeather/clima-madrid-hoy.csv
  File "/home/alex/Arquitectura/CityWeather/main.py", line 9
    API5aaff267349d2a7221192614fe66c853_api_key"  # Reemplaza por tu API Key de OpenWeatherMap
                                               ^
SyntaxError: unterminated string literal (detected at line 9)
Verificando archivo clima-madrid-hoy.csv a las Mon Aug 12 20:01:01 -05 2024
-rw-rw-r-- 1 alex alex 175 Aug 12 19:28 /home/alex/Arquitectura/CityWeather/clima-madrid-hoy.csv
===== Bienvenido a Madrid-Clima =====
Datos climatológicos guardados correctamente en clima-madrid-hoy.csv
Verificando archivo clima-madrid-hoy.csv a las Mon Aug 12 20:02:02 -05 2024
-rw-rw-r-- 1 alex alex 175 Aug 12 19:28 /home/alex/Arquitectura/CityWeather/clima-madrid-hoy.csv
===== Bienvenido a Madrid-Clima =====
Datos climatológicos guardados correctamente en clima-madrid-hoy.csv
Verificando archivo clima-madrid-hoy.csv a las Mon Aug 12 20:03:01 -05 2024
-rw-rw-r-- 1 alex alex 175 Aug 12 19:28 /home/alex/Arquitectura/CityWeather/clima-madrid-hoy.csv
===== Bienvenido a Madrid-Clima =====
Datos climatológicos guardados correctamente en clima-madrid-hoy.csv
Verificando archivo clima-madrid-hoy.csv a las Mon Aug 12 20:04:02 -05 2024
-rw-rw-r-- 1 alex alex 297 Aug 12 20:03 /home/alex/Arquitectura/CityWeather/clima-madrid-hoy.csv
===== Bienvenido a Madrid-Clima =====
Datos climatológicos guardados correctamente en clima-madrid-hoy.csv
Verificando archivo clima-madrid-hoy.csv a las Mon Aug 12 20:05:02 -05 2024
-rw-rw-r-- 1 alex alex 297 Aug 12 20:03 /home/alex/Arquitectura/CityWeather/clima-madrid-hoy.csv
===== Bienvenido a Madrid-Clima =====
Datos climatológicos guardados correctamente en /home/alex/Arquitectura/CityWeather/clima-madrid-hoy.csv
Verificando archivo clima-madrid-hoy.csv a las Mon Aug 12 20:06:01 -05 2024
-rw-rw-r-- 1 alex alex 337 Aug 12 20:06 /home/alex/Arquitectura/CityWeather/clima-madrid-hoy.csv
===== Bienvenido a Madrid-Clima =====
Datos climatológicos guardados correctamente en /home/alex/Arquitectura/CityWeather/clima-madrid-hoy.csv
Verificando archivo clima-madrid-hoy.csv a las Mon Aug 12 20:07:02 -05 2024
-rw-rw-r-- 1 alex alex 377 Aug 12 20:07 /home/alex/Arquitectura/CityWeather/clima-madrid-hoy.csv
===== Bienvenido a Madrid-Clima =====
Datos climatológicos guardados correctamente en /home/alex/Arquitectura/CityWeather/clima-madrid-hoy.csv
Verificando archivo clima-madrid-hoy.csv a las Mon Aug 12 20:10:01 -05 2024
-rw-rw-r-- 1 alex alex 417 Aug 12 20:10 /home/alex/Arquitectura/CityWeather/clima-madrid-hoy.csv
===== Bienvenido a Madrid-Clima =====
Datos climatológicos guardados correctamente en /home/alex/Arquitectura/CityWeather/clima-madrid-hoy.csv
Verificando archivo clima-madrid-hoy.csv a las Mon Aug 12 20:11:02 -05 2024
-rw-rw-r-- 1 alex alex 457 Aug 12 20:11 /home/alex/Arquitectura/CityWeather/clima-madrid-hoy.csv
===== Bienvenido a Madrid-Clima =====
Datos climatológicos guardados correctamente en /home/alex/Arquitectura/CityWeather/clima-madrid-hoy.csv
Verificando archivo clima-madrid-hoy.csv a las Mon Aug 12 20:12:01 -05 2024
-rw-rw-r-- 1 alex alex 497 Aug 12 20:12 /home/alex/Arquitectura/CityWeather/clima-madrid-hoy.csv
===== Bienvenido a Madrid-Clima =====
Datos climatológicos guardados correctamente en /home/alex/Arquitectura/CityWeather/clima-madrid-hoy.csv
Verificando archivo clima-madrid-hoy.csv a las Mon Aug 12 20:13:02 -05 2024
-rw-rw-r-- 1 alex alex 537 Aug 12 20:13 /home/alex/Arquitectura/CityWeather/clima-madrid-hoy.csv
===== Bienvenido a Madrid-Clima =====
Datos climatológicos guardados correctamente en /home/alex/Arquitectura/CityWeather/clima-madrid-hoy.csv
Verificando archivo clima-madrid-hoy.csv a las Mon Aug 12 20:14:02 -05 2024
-rw-rw-r-- 1 alex alex 577 Aug 12 20:14 /home/alex/Arquitectura/CityWeather/clima-madrid-hoy.csv
===== Bienvenido a Madrid-Clima =====
Datos climatológicos guardados correctamente en /home/alex/Arquitectura/CityWeather/clima-madrid-hoy.csv
Verificando archivo clima-madrid-hoy.csv a las Mon Aug 12 20:15:01 -05 2024
-rw-rw-r-- 1 alex alex 617 Aug 12 20:15 /home/alex/Arquitectura/CityWeather/clima-madrid-hoy.csv
===== Bienvenido a Madrid-Clima =====
Datos climatológicos guardados correctamente en /home/alex/Arquitectura/CityWeather/clima-madrid-hoy.csv
Verificando archivo clima-madrid-hoy.csv a las Mon Aug 12 20:16:02 -05 2024
-rw-rw-r-- 1 alex alex 657 Aug 12 20:16 /home/alex/Arquitectura/CityWeather/clima-madrid-hoy.csv
===== Bienvenido a Madrid-Clima =====
Datos climatológicos guardados correctamente en /home/alex/Arquitectura/CityWeather/clima-madrid-hoy.csv
Verificando archivo clima-madrid-hoy.csv a las Mon Aug 12 20:17:02 -05 2024
-rw-rw-r-- 1 alex alex 697 Aug 12 20:17 /home/alex/Arquitectura/CityWeather/clima-madrid-hoy.csv
===== Bienvenido a Madrid-Clima =====
Datos climatológicos guardados correctamente en /home/alex/Arquitectura/CityWeather/clima-madrid-hoy.csv
Verificando archivo clima-madrid-hoy.csv a las Mon Aug 12 20:18:01 -05 2024
-rw-rw-r-- 1 alex alex 737 Aug 12 20:18 /home/alex/Arquitectura/CityWeather/clima-madrid-hoy.csv
===== Bienvenido a Madrid-Clima =====
Datos climatológicos guardados correctamente en /home/alex/Arquitectura/CityWeather/clima-madrid-hoy.csv
Verificando archivo clima-madrid-hoy.csv a las Mon Aug 12 20:19:02 -05 2024
-rw-rw-r-- 1 alex alex 777 Aug 12 20:19 /home/alex/Arquitectura/CityWeather/clima-madrid-hoy.csv
===== Bienvenido a Madrid-Clima =====
Datos climatológicos guardados correctamente en /home/alex/Arquitectura/CityWeather/clima-madrid-hoy.csv
Verificando archivo clima-madrid-hoy.csv a las Mon Aug 12 20:20:02 -05 2024
-rw-rw-r-- 1 alex alex 817 Aug 12 20:20 /home/alex/Arquitectura/CityWeather/clima-madrid-hoy.csv
===== Bienvenido a Madrid-Clima =====
Datos climatológicos guardados correctamente en /home/alex/Arquitectura/CityWeather/clima-madrid-hoy.csv
Verificando archivo clima-madrid-hoy.csv a las Mon Aug 12 20:21:02 -05 2024
-rw-rw-r-- 1 alex alex 857 Aug 12 20:21 /home/alex/Arquitectura/CityWeather/clima-madrid-hoy.csv
===== Bienvenido a Madrid-Clima =====
Datos climatológicos guardados correctamente en /home/alex/Arquitectura/CityWeather/clima-madrid-hoy.csv
Verificando archivo clima-madrid-hoy.csv a las Mon Aug 12 20:22:02 -05 2024
-rw-rw-r-- 1 alex alex 897 Aug 12 20:22 /home/alex/Arquitectura/CityWeather/clima-madrid-hoy.csv
===== Bienvenido a Madrid-Clima =====
Datos climatológicos guardados correctamente en /home/alex/Arquitectura/CityWeather/clima-madrid-hoy.csv
Verificando archivo clima-madrid-hoy.csv a las Mon Aug 12 20:23:01 -05 2024
-rw-rw-r-- 1 alex alex 937 Aug 12 20:23 /home/alex/Arquitectura/CityWeather/clima-madrid-hoy.csv
===== Bienvenido a Madrid-Clima =====
Datos climatológicos guardados correctamente en /home/alex/Arquitectura/CityWeather/clima-madrid-hoy.csv
Verificando archivo clima-madrid-hoy.csv a las Mon Aug 12 20:24:02 -05 2024
-rw-rw-r-- 1 alex alex 977 Aug 12 20:24 /home/alex/Arquitectura/CityWeather/clima-madrid-hoy.csv
===== Bienvenido a Madrid-Clima =====
Datos climatológicos guardados correctamente en /home/alex/Arquitectura/CityWeather/clima-madrid-hoy.csv
Verificando archivo clima-madrid-hoy.csv a las Mon Aug 12 20:25:01 -05 2024
-rw-rw-r-- 1 alex alex 1017 Aug 12 20:25 /home/alex/Arquitectura/CityWeather/clima-madrid-hoy.csv
===== Bienvenido a Madrid-Clima =====
Datos climatológicos guardados correctamente en /home/alex/Arquitectura/CityWeather/clima-madrid-hoy.csv
Verificando archivo clima-madrid-hoy.csv a las Mon Aug 12 20:26:02 -05 2024
-rw-rw-r-- 1 alex alex 1057 Aug 12 20:26 /home/alex/Arquitectura/CityWeather/clima-madrid-hoy.csv
===== Bienvenido a Madrid-Clima =====
Datos climatológicos guardados correctamente en /home/alex/Arquitectura/CityWeather/clima-madrid-hoy.csv
Verificando archivo clima-madrid-hoy.csv a las Mon Aug 12 20:27:01 -05 2024
-rw-rw-r-- 1 alex alex 1097 Aug 12 20:27 /home/alex/Arquitectura/CityWeather/clima-madrid-hoy.csv
===== Bienvenido a Madrid-Clima =====
Datos climatológicos guardados correctamente en /home/alex/Arquitectura/CityWeather/clima-madrid-hoy.csv
Verificando archivo clima-madrid-hoy.csv a las Mon Aug 12 20:28:02 -05 2024
-rw-rw-r-- 1 alex alex 1137 Aug 12 20:28 /home/alex/Arquitectura/CityWeather/clima-madrid-hoy.csv
===== Bienvenido a Madrid-Clima =====
Datos climatológicos guardados correctamente en /home/alex/Arquitectura/CityWeather/clima-madrid-hoy.csv
Verificando archivo clima-madrid-hoy.csv a las Mon Aug 12 20:29:02 -05 2024
-rw-rw-r-- 1 alex alex 1177 Aug 12 20:29 /home/alex/Arquitectura/CityWeather/clima-madrid-hoy.csv
===== Bienvenido a Madrid-Clima =====
Datos climatológicos guardados correctamente en /home/alex/Arquitectura/CityWeather/clima-madrid-hoy.csv
Verificando archivo clima-madrid-hoy.csv a las Mon Aug 12 20:30:01 -05 2024
-rw-rw-r-- 1 alex alex 1217 Aug 12 20:30 /home/alex/Arquitectura/CityWeather/clima-madrid-hoy.csv
===== Bienvenido a Madrid-Clima =====
Datos climatológicos guardados correctamente en /home/alex/Arquitectura/CityWeather/clima-madrid-hoy.csv
Verificando archivo clima-madrid-hoy.csv a las Mon Aug 12 20:31:02 -05 2024
-rw-rw-r-- 1 alex alex 1257 Aug 12 20:31 /home/alex/Arquitectura/CityWeather/clima-madrid-hoy.csv
===== Bienvenido a Madrid-Clima =====
Datos climatológicos guardados correctamente en /home/alex/Arquitectura/CityWeather/clima-madrid-hoy.csv
Verificando archivo clima-madrid-hoy.csv a las Mon Aug 12 20:32:02 -05 2024
-rw-rw-r-- 1 alex alex 1297 Aug 12 20:32 /home/alex/Arquitectura/CityWeather/clima-madrid-hoy.csv
===== Bienvenido a Madrid-Clima =====
Datos climatológicos guardados correctamente en /home/alex/Arquitectura/CityWeather/clima-madrid-hoy.csv
Verificando archivo clima-madrid-hoy.csv a las Mon Aug 12 20:33:02 -05 2024
-rw-rw-r-- 1 alex alex 1457 Aug 12 20:33 /home/alex/Arquitectura/CityWeather/clima-madrid-hoy.csv
===== Bienvenido a Madrid-Clima =====
Datos climatológicos guardados correctamente en /home/alex/Arquitectura/CityWeather/clima-madrid-hoy.csv
Verificando archivo clima-madrid-hoy.csv a las Mon Aug 12 20:34:02 -05 2024
-rw-r--r-- 1 alex alex 160 Aug 12 20:34 /home/alex/Arquitectura/CityWeather/clima-madrid-hoy.csv
===== Bienvenido a Madrid-Clima =====
Datos climatológicos guardados correctamente en /home/alex/Arquitectura/CityWeather/clima-madrid-hoy.csv
Verificando archivo clima-madrid-hoy.csv a las Mon Aug 12 20:35:02 -05 2024
-rw-r--r-- 1 alex alex 320 Aug 12 20:35 /home/alex/Arquitectura/CityWeather/clima-madrid-hoy.csv
===== Bienvenido a Madrid-Clima =====
Datos climatológicos guardados correctamente en /home/alex/Arquitectura/CityWeather/clima-madrid-hoy.csv
Verificando archivo clima-madrid-hoy.csv a las Mon Aug 12 20:36:01 -05 2024
-rw-r--r-- 1 alex alex 480 Aug 12 20:36 /home/alex/Arquitectura/CityWeather/clima-madrid-hoy.csv
===== Bienvenido a Madrid-Clima =====
Datos climatológicos guardados correctamente en /home/alex/Arquitectura/CityWeather/clima-madrid-hoy.csv
Verificando archivo clima-madrid-hoy.csv a las Mon Aug 12 20:37:02 -05 2024
-rw-r--r-- 1 alex alex 175 Aug 12 20:37 /home/alex/Arquitectura/CityWeather/clima-madrid-hoy.csv
===== Bienvenido a Madrid-Clima =====
Datos climatológicos guardados correctamente en /home/alex/Arquitectura/CityWeather/clima-madrid-hoy.csv
Verificando archivo clima-madrid-hoy.csv a las Mon Aug 12 20:38:01 -05 2024
-rw-r--r-- 1 alex alex 350 Aug 12 20:38 /home/alex/Arquitectura/CityWeather/clima-madrid-hoy.csv
===== Bienvenido a Madrid-Clima =====
Datos climatológicos guardados correctamente en /home/alex/Arquitectura/CityWeather/clima-madrid-hoy.csv
Verificando archivo clima-madrid-hoy.csv a las Mon Aug 12 20:39:02 -05 2024
-rw-r--r-- 1 alex alex 525 Aug 12 20:39 /home/alex/Arquitectura/CityWeather/clima-madrid-hoy.csv
===== Bienvenido a Madrid-Clima =====
Datos climatológicos guardados correctamente en /home/alex/Arquitectura/CityWeather/clima-madrid-hoy.csv
Verificando archivo clima-madrid-hoy.csv a las Mon Aug 12 20:40:02 -05 2024
-rw-r--r-- 1 alex alex 700 Aug 12 20:40 /home/alex/Arquitectura/CityWeather/clima-madrid-hoy.csv
===== Bienvenido a Madrid-Clima =====
Datos climatológicos guardados correctamente en /home/alex/Arquitectura/CityWeather/clima-madrid-hoy.csv
Verificando archivo clima-madrid-hoy.csv a las Mon Aug 12 20:41:01 -05 2024
-rw-r--r-- 1 alex alex 875 Aug 12 20:41 /home/alex/Arquitectura/CityWeather/clima-madrid-hoy.csv
===== Bienvenido a Madrid-Clima =====
Datos climatológicos guardados correctamente en /home/alex/Arquitectura/CityWeather/clima-madrid-hoy.csv
Verificando archivo clima-madrid-hoy.csv a las Mon Aug 12 20:42:02 -05 2024
-rw-r--r-- 1 alex alex 178 Aug 12 20:42 /home/alex/Arquitectura/CityWeather/clima-madrid-hoy.csv
===== Bienvenido a Madrid-Clima =====
Datos climatológicos guardados correctamente en /home/alex/Arquitectura/CityWeather/clima-madrid-hoy.csv
Verificando archivo clima-madrid-hoy.csv a las Mon Aug 12 20:43:02 -05 2024
-rw-r--r-- 1 alex alex 356 Aug 12 20:43 /home/alex/Arquitectura/CityWeather/clima-madrid-hoy.csv
===== Bienvenido a Madrid-Clima =====
Datos climatológicos guardados correctamente en /home/alex/Arquitectura/CityWeather/clima-madrid-hoy.csv
Verificando archivo clima-madrid-hoy.csv a las Mon Aug 12 20:44:01 -05 2024
-rw-r--r-- 1 alex alex 531 Aug 12 20:44 /home/alex/Arquitectura/CityWeather/clima-madrid-hoy.csv
===== Bienvenido a Madrid-Clima =====
Datos climatológicos guardados correctamente en /home/alex/Arquitectura/CityWeather/clima-madrid-hoy.csv
Verificando archivo clima-madrid-hoy.csv a las Mon Aug 12 20:45:02 -05 2024
-rw-rw-r-- 1 alex alex 474 Aug 12 20:45 /home/alex/Arquitectura/CityWeather/clima-madrid-hoy.csv
===== Bienvenido a Madrid-Clima =====
Datos climatológicos guardados correctamente en /home/alex/Arquitectura/CityWeather/clima-madrid-hoy.csv
Verificando archivo clima-madrid-hoy.csv a las Mon Aug 12 20:46:02 -05 2024
-rw-rw-r-- 1 alex alex 658 Aug 12 20:46 /home/alex/Arquitectura/CityWeather/clima-madrid-hoy.csv
===== Bienvenido a Madrid-Clima =====
Datos climatológicos guardados correctamente en /home/alex/Arquitectura/CityWeather/clima-madrid-hoy.csv
Verificando archivo clima-madrid-hoy.csv a las Mon Aug 12 20:47:01 -05 2024
-rw-rw-r-- 1 alex alex 842 Aug 12 20:47 /home/alex/Arquitectura/CityWeather/clima-madrid-hoy.csv
===== Bienvenido a Madrid-Clima =====
Datos climatológicos guardados correctamente en /home/alex/Arquitectura/CityWeather/clima-madrid-hoy.csv
Verificando archivo clima-madrid-hoy.csv a las Mon Aug 12 20:48:02 -05 2024
-rw-rw-r-- 1 alex alex 1026 Aug 12 20:48 /home/alex/Arquitectura/CityWeather/clima-madrid-hoy.csv
===== Bienvenido a Madrid-Clima =====
Datos climatológicos guardados correctamente en /home/alex/Arquitectura/CityWeather/clima-madrid-hoy.csv
Verificando archivo clima-madrid-hoy.csv a las Mon Aug 12 20:49:01 -05 2024
-rw-rw-r-- 1 alex alex 1212 Aug 12 20:49 /home/alex/Arquitectura/CityWeather/clima-madrid-hoy.csv
===== Bienvenido a Madrid-Clima =====
Datos climatológicos guardados correctamente en /home/alex/Arquitectura/CityWeather/clima-madrid-hoy.csv
Verificando archivo clima-madrid-hoy.csv a las Mon Aug 12 20:50:02 -05 2024
-rw-rw-r-- 1 alex alex 1398 Aug 12 20:50 /home/alex/Arquitectura/CityWeather/clima-madrid-hoy.csv
===== Bienvenido a Madrid-Clima =====
Datos climatológicos guardados correctamente en /home/alex/Arquitectura/CityWeather/clima-madrid-hoy.csv
Verificando archivo clima-madrid-hoy.csv a las Mon Aug 12 20:51:02 -05 2024
-rw-rw-r-- 1 alex alex 1584 Aug 12 20:51 /home/alex/Arquitectura/CityWeather/clima-madrid-hoy.csv
===== Bienvenido a Madrid-Clima =====
Datos climatológicos guardados correctamente en /home/alex/Arquitectura/CityWeather/clima-madrid-hoy.csv
Verificando archivo clima-madrid-hoy.csv a las Mon Aug 12 20:52:01 -05 2024
-rw-rw-r-- 1 alex alex 1770 Aug 12 20:52 /home/alex/Arquitectura/CityWeather/clima-madrid-hoy.csv
===== Bienvenido a Madrid-Clima =====
Datos climatológicos guardados correctamente en /home/alex/Arquitectura/CityWeather/clima-madrid-hoy.csv
Verificando archivo clima-madrid-hoy.csv a las Mon Aug 12 20:53:02 -05 2024
-rw-rw-r-- 1 alex alex 1956 Aug 12 20:53 /home/alex/Arquitectura/CityWeather/clima-madrid-hoy.csv
===== Bienvenido a Madrid-Clima =====
Datos climatológicos guardados correctamente en /home/alex/Arquitectura/CityWeather/clima-madrid-hoy.csv
Verificando archivo clima-madrid-hoy.csv a las Mon Aug 12 20:54:01 -05 2024
-rw-rw-r-- 1 alex alex 2143 Aug 12 20:54 /home/alex/Arquitectura/CityWeather/clima-madrid-hoy.csv
===== Bienvenido a Madrid-Clima =====
Datos climatológicos guardados correctamente en /home/alex/Arquitectura/CityWeather/clima-madrid-hoy.csv
Verificando archivo clima-madrid-hoy.csv a las Mon Aug 12 20:55:02 -05 2024
-rw-rw-r-- 1 alex alex 2330 Aug 12 20:55 /home/alex/Arquitectura/CityWeather/clima-madrid-hoy.csv
===== Bienvenido a Madrid-Clima =====
Datos climatológicos guardados correctamente en /home/alex/Arquitectura/CityWeather/clima-madrid-hoy.csv
Verificando archivo clima-madrid-hoy.csv a las Mon Aug 12 20:56:03 -05 2024
-rw-rw-r-- 1 alex alex 2517 Aug 12 20:56 /home/alex/Arquitectura/CityWeather/clima-madrid-hoy.csv
===== Bienvenido a Madrid-Clima =====
Datos climatológicos guardados correctamente en /home/alex/Arquitectura/CityWeather/clima-madrid-hoy.csv
Verificando archivo clima-madrid-hoy.csv a las Mon Aug 12 20:57:02 -05 2024
-rw-rw-r-- 1 alex alex 2704 Aug 12 20:57 /home/alex/Arquitectura/CityWeather/clima-madrid-hoy.csv
===== Bienvenido a Madrid-Clima =====
Datos climatológicos guardados correctamente en /home/alex/Arquitectura/CityWeather/clima-madrid-hoy.csv
Verificando archivo clima-madrid-hoy.csv a las Mon Aug 12 20:58:01 -05 2024
-rw-rw-r-- 1 alex alex 2891 Aug 12 20:58 /home/alex/Arquitectura/CityWeather/clima-madrid-hoy.csv
===== Bienvenido a Madrid-Clima =====
Datos climatológicos guardados correctamente en /home/alex/Arquitectura/CityWeather/clima-madrid-hoy.csv
Verificando archivo clima-madrid-hoy.csv a las Mon Aug 12 20:59:02 -05 2024
-rw-rw-r-- 1 alex alex 3078 Aug 12 20:59 /home/alex/Arquitectura/CityWeather/clima-madrid-hoy.csv
===== Bienvenido a Madrid-Clima =====
Datos climatológicos guardados correctamente en /home/alex/Arquitectura/CityWeather/clima-madrid-hoy.csv
Verificando archivo clima-madrid-hoy.csv a las Mon Aug 12 21:00:03 -05 2024
-rw-rw-r-- 1 alex alex 3265 Aug 12 21:00 /home/alex/Arquitectura/CityWeather/clima-madrid-hoy.csv
===== Bienvenido a Madrid-Clima =====
Datos climatológicos guardados correctamente en /home/alex/Arquitectura/CityWeather/clima-madrid-hoy.csv
Verificando archivo clima-madrid-hoy.csv a las Mon Aug 12 21:01:01 -05 2024
-rw-rw-r-- 1 alex alex 3452 Aug 12 21:01 /home/alex/Arquitectura/CityWeather/clima-madrid-hoy.csv
===== Bienvenido a Madrid-Clima =====
Datos climatológicos guardados correctamente en /home/alex/Arquitectura/CityWeather/clima-madrid-hoy.csv
Verificando archivo clima-madrid-hoy.csv a las Mon Aug 12 21:02:02 -05 2024
-rw-rw-r-- 1 alex alex 3639 Aug 12 21:02 /home/alex/Arquitectura/CityWeather/clima-madrid-hoy.csv
===== Bienvenido a Madrid-Clima =====
Datos climatológicos guardados correctamente en /home/alex/Arquitectura/CityWeather/clima-madrid-hoy.csv
Verificando archivo clima-madrid-hoy.csv a las Mon Aug 12 21:03:01 -05 2024
-rw-rw-r-- 1 alex alex 3826 Aug 12 21:03 /home/alex/Arquitectura/CityWeather/clima-madrid-hoy.csv
===== Bienvenido a Madrid-Clima =====
Datos climatológicos guardados correctamente en /home/alex/Arquitectura/CityWeather/clima-madrid-hoy.csv
Verificando archivo clima-madrid-hoy.csv a las Mon Aug 12 21:04:02 -05 2024
-rw-rw-r-- 1 alex alex 4013 Aug 12 21:04 /home/alex/Arquitectura/CityWeather/clima-madrid-hoy.csv
===== Bienvenido a Madrid-Clima =====
Datos climatológicos guardados correctamente en /home/alex/Arquitectura/CityWeather/clima-madrid-hoy.csv
Verificando archivo clima-madrid-hoy.csv a las Mon Aug 12 21:05:02 -05 2024
-rw-rw-r-- 1 alex alex 4200 Aug 12 21:05 /home/alex/Arquitectura/CityWeather/clima-madrid-hoy.csv
===== Bienvenido a Madrid-Clima =====
Datos climatológicos guardados correctamente en /home/alex/Arquitectura/CityWeather/clima-madrid-hoy.csv
Verificando archivo clima-madrid-hoy.csv a las Mon Aug 12 21:06:01 -05 2024
-rw-rw-r-- 1 alex alex 4387 Aug 12 21:06 /home/alex/Arquitectura/CityWeather/clima-madrid-hoy.csv
===== Bienvenido a Madrid-Clima =====
Datos climatológicos guardados correctamente en /home/alex/Arquitectura/CityWeather/clima-madrid-hoy.csv
Verificando archivo clima-madrid-hoy.csv a las Mon Aug 12 21:07:02 -05 2024
-rw-rw-r-- 1 alex alex 4574 Aug 12 21:07 /home/alex/Arquitectura/CityWeather/clima-madrid-hoy.csv
===== Bienvenido a Madrid-Clima =====
Datos climatológicos guardados correctamente en /home/alex/Arquitectura/CityWeather/clima-madrid-hoy.csv
Verificando archivo clima-madrid-hoy.csv a las Mon Aug 12 21:08:01 -05 2024
-rw-rw-r-- 1 alex alex 4761 Aug 12 21:08 /home/alex/Arquitectura/CityWeather/clima-madrid-hoy.csv
===== Bienvenido a Madrid-Clima =====
Datos climatológicos guardados correctamente en /home/alex/Arquitectura/CityWeather/clima-madrid-hoy.csv
Verificando archivo clima-madrid-hoy.csv a las Mon Aug 12 21:09:02 -05 2024
-rw-rw-r-- 1 alex alex 4948 Aug 12 21:09 /home/alex/Arquitectura/CityWeather/clima-madrid-hoy.csv
===== Bienvenido a Madrid-Clima =====
Datos climatológicos guardados correctamente en /home/alex/Arquitectura/CityWeather/clima-madrid-hoy.csv
Verificando archivo clima-madrid-hoy.csv a las Mon Aug 12 21:10:02 -05 2024
-rw-rw-r-- 1 alex alex 5135 Aug 12 21:10 /home/alex/Arquitectura/CityWeather/clima-madrid-hoy.csv
===== Bienvenido a Madrid-Clima =====
Datos climatológicos guardados correctamente en /home/alex/Arquitectura/CityWeather/clima-madrid-hoy.csv
Verificando archivo clima-madrid-hoy.csv a las Mon Aug 12 21:11:01 -05 2024
-rw-rw-r-- 1 alex alex 5322 Aug 12 21:11 /home/alex/Arquitectura/CityWeather/clima-madrid-hoy.csv
===== Bienvenido a Madrid-Clima =====
Datos climatológicos guardados correctamente en /home/alex/Arquitectura/CityWeather/clima-madrid-hoy.csv
Verificando archivo clima-madrid-hoy.csv a las Mon Aug 12 21:12:02 -05 2024
-rw-rw-r-- 1 alex alex 5509 Aug 12 21:12 /home/alex/Arquitectura/CityWeather/clima-madrid-hoy.csv
===== Bienvenido a Madrid-Clima =====
Datos climatológicos guardados correctamente en /home/alex/Arquitectura/CityWeather/clima-madrid-hoy.csv
Verificando archivo clima-madrid-hoy.csv a las Mon Aug 12 21:13:01 -05 2024
-rw-rw-r-- 1 alex alex 5696 Aug 12 21:13 /home/alex/Arquitectura/CityWeather/clima-madrid-hoy.csv
===== Bienvenido a Madrid-Clima =====
Datos climatológicos guardados correctamente en /home/alex/Arquitectura/CityWeather/clima-madrid-hoy.csv
Verificando archivo clima-madrid-hoy.csv a las Mon Aug 12 21:14:02 -05 2024
-rw-rw-r-- 1 alex alex 5883 Aug 12 21:14 /home/alex/Arquitectura/CityWeather/clima-madrid-hoy.csv
===== Bienvenido a Madrid-Clima =====
Datos climatológicos guardados correctamente en /home/alex/Arquitectura/CityWeather/clima-madrid-hoy.csv
Verificando archivo clima-madrid-hoy.csv a las Mon Aug 12 21:15:02 -05 2024
-rw-rw-r-- 1 alex alex 6070 Aug 12 21:15 /home/alex/Arquitectura/CityWeather/clima-madrid-hoy.csv
===== Bienvenido a Madrid-Clima =====
Datos climatológicos guardados correctamente en /home/alex/Arquitectura/CityWeather/clima-madrid-hoy.csv
Verificando archivo clima-madrid-hoy.csv a las Mon Aug 12 21:16:01 -05 2024
-rw-rw-r-- 1 alex alex 6257 Aug 12 21:16 /home/alex/Arquitectura/CityWeather/clima-madrid-hoy.csv
===== Bienvenido a Madrid-Clima =====
Datos climatológicos guardados correctamente en /home/alex/Arquitectura/CityWeather/clima-madrid-hoy.csv
Verificando archivo clima-madrid-hoy.csv a las Mon Aug 12 21:17:02 -05 2024
-rw-rw-r-- 1 alex alex 6444 Aug 12 21:17 /home/alex/Arquitectura/CityWeather/clima-madrid-hoy.csv
===== Bienvenido a Madrid-Clima =====
Datos climatológicos guardados correctamente en /home/alex/Arquitectura/CityWeather/clima-madrid-hoy.csv
Verificando archivo clima-madrid-hoy.csv a las Mon Aug 12 21:18:02 -05 2024
-rw-rw-r-- 1 alex alex 6631 Aug 12 21:18 /home/alex/Arquitectura/CityWeather/clima-madrid-hoy.csv
===== Bienvenido a Madrid-Clima =====
Datos climatológicos guardados correctamente en /home/alex/Arquitectura/CityWeather/clima-madrid-hoy.csv
Verificando archivo clima-madrid-hoy.csv a las Mon Aug 12 21:19:01 -05 2024
-rw-rw-r-- 1 alex alex 6818 Aug 12 21:19 /home/alex/Arquitectura/CityWeather/clima-madrid-hoy.csv
===== Bienvenido a Madrid-Clima =====
Datos climatológicos guardados correctamente en /home/alex/Arquitectura/CityWeather/clima-madrid-hoy.csv
Verificando archivo clima-madrid-hoy.csv a las Mon Aug 12 21:20:02 -05 2024
-rw-rw-r-- 1 alex alex 7002 Aug 12 21:20 /home/alex/Arquitectura/CityWeather/clima-madrid-hoy.csv
===== Bienvenido a Madrid-Clima =====
Datos climatológicos guardados correctamente en /home/alex/Arquitectura/CityWeather/clima-madrid-hoy.csv
Verificando archivo clima-madrid-hoy.csv a las Mon Aug 12 21:21:01 -05 2024
-rw-rw-r-- 1 alex alex 7189 Aug 12 21:21 /home/alex/Arquitectura/CityWeather/clima-madrid-hoy.csv
===== Bienvenido a Madrid-Clima =====
Datos climatológicos guardados correctamente en /home/alex/Arquitectura/CityWeather/clima-madrid-hoy.csv
Verificando archivo clima-madrid-hoy.csv a las Mon Aug 12 21:22:02 -05 2024
-rw-rw-r-- 1 alex alex 7376 Aug 12 21:22 /home/alex/Arquitectura/CityWeather/clima-madrid-hoy.csv
===== Bienvenido a Madrid-Clima =====
Datos climatológicos guardados correctamente en /home/alex/Arquitectura/CityWeather/clima-madrid-hoy.csv
Verificando archivo clima-madrid-hoy.csv a las Mon Aug 12 21:23:02 -05 2024
-rw-rw-r-- 1 alex alex 7563 Aug 12 21:23 /home/alex/Arquitectura/CityWeather/clima-madrid-hoy.csv
===== Bienvenido a Madrid-Clima =====
Datos climatológicos guardados correctamente en /home/alex/Arquitectura/CityWeather/clima-madrid-hoy.csv
Verificando archivo clima-madrid-hoy.csv a las Mon Aug 12 21:30:01 -05 2024
-rw-rw-r-- 1 alex alex 7750 Aug 12 21:30 /home/alex/Arquitectura/CityWeather/clima-madrid-hoy.csv
===== Bienvenido a Madrid-Clima =====
Datos climatológicos guardados correctamente en /home/alex/Arquitectura/CityWeather/clima-madrid-hoy.csv
Verificando archivo clima-madrid-hoy.csv a las Mon Aug 12 21:45:02 -05 2024
-rw-rw-r-- 1 alex alex 7937 Aug 12 21:45 /home/alex/Arquitectura/CityWeather/clima-madrid-hoy.csv
===== Bienvenido a Madrid-Clima =====
Datos climatológicos guardados correctamente en /home/alex/Arquitectura/CityWeather/clima-madrid-hoy.csv
Verificando archivo clima-madrid-hoy.csv a las Mon Aug 12 22:00:01 -05 2024
-rw-rw-r-- 1 alex alex 8123 Aug 12 22:00 /home/alex/Arquitectura/CityWeather/clima-madrid-hoy.csv
===== Bienvenido a Madrid-Clima =====
Datos climatológicos guardados correctamente en /home/alex/Arquitectura/CityWeather/clima-madrid-hoy.csv
Verificando archivo clima-madrid-hoy.csv a las Mon Aug 12 22:15:02 -05 2024
-rw-rw-r-- 1 alex alex 8309 Aug 12 22:15 /home/alex/Arquitectura/CityWeather/clima-madrid-hoy.csv
===== Bienvenido a Madrid-Clima =====
Datos climatológicos guardados correctamente en /home/alex/Arquitectura/CityWeather/clima-madrid-hoy.csv
Verificando archivo clima-madrid-hoy.csv a las Mon Aug 12 22:30:02 -05 2024
-rw-rw-r-- 1 alex alex 8497 Aug 12 22:30 /home/alex/Arquitectura/CityWeather/clima-madrid-hoy.csv
===== Bienvenido a Madrid-Clima =====
Datos climatológicos guardados correctamente en /home/alex/Arquitectura/CityWeather/clima-madrid-hoy.csv
Verificando archivo clima-madrid-hoy.csv a las Mon Aug 12 22:45:01 -05 2024
-rw-rw-r-- 1 alex alex 8682 Aug 12 22:45 /home/alex/Arquitectura/CityWeather/clima-madrid-hoy.csv
===== Bienvenido a Madrid-Clima =====
Datos climatológicos guardados correctamente en /home/alex/Arquitectura/CityWeather/clima-madrid-hoy.csv
Verificando archivo clima-madrid-hoy.csv a las Mon Aug 12 23:00:02 -05 2024
-rw-rw-r-- 1 alex alex 8867 Aug 12 23:00 /home/alex/Arquitectura/CityWeather/clima-madrid-hoy.csv
===== Bienvenido a Madrid-Clima =====
Datos climatológicos guardados correctamente en /home/alex/Arquitectura/CityWeather/clima-madrid-hoy.csv
Verificando archivo clima-madrid-hoy.csv a las Mon Aug 12 23:15:02 -05 2024
-rw-rw-r-- 1 alex alex 9048 Aug 12 23:15 /home/alex/Arquitectura/CityWeather/clima-madrid-hoy.csv
